<?xml version="1.0" encoding="UTF-8"?>
<!-- Generated by org.testng.reporters.JUnitReportReporter -->
<testsuite hostname="LAPTOP-FP4LNQ8H" failures="0" tests="1" name="automation.testrunner.testng" time="38.776" errors="0" timestamp="2020-04-11T21:00:46 IST" skipped="0">
  <testcase classname="automation.testrunner.testng" name="logg" time="38.776"/>
</testsuite> <!-- automation.testrunner.testng -->
